---------------------------------------------------------------
[ 2022-12-20T00:51:45+08:00 ] 167.94.138.46 GET 110.40.180.178/
[ begin ] [ ROUTE ] array (
  'type' => 'module',
  'module' => 
  array (
    0 => '',
    1 => NULL,
    2 => NULL,
  ),
)
[ begin ] [ HEADER ] array (
  'accept-encoding' => 'gzip',
  'accept' => '*/*',
  'user-agent' => 'Mozilla/5.0 (compatible; CensysInspect/1.1; +https://about.censys.io/)',
  'host' => '110.40.180.178',
  'content-length' => '',
  'content-type' => '',
)
[ begin ] [ PARAM ] array (
)
---------------------------------------------------------------
[ 2022-12-20T01:55:46+08:00 ] 106.55.206.104 GET db.xiaohuss.com/index.php?s=/store/passport/login
[ begin ] [ ROUTE ] array (
  'type' => 'module',
  'module' => 
  array (
    0 => 'store',
    1 => 'passport',
    2 => 'login',
  ),
)
[ begin ] [ HEADER ] array (
  'connection' => 'keep-alive',
  'accept' => '*/*',
  'accept-encoding' => 'gzip, deflate, br',
  'user-agent' => 'python-requests/2.26.0',
  'host' => 'db.xiaohuss.com',
  'content-length' => '',
  'content-type' => '',
)
[ begin ] [ PARAM ] array (
)
---------------------------------------------------------------
[ 2022-12-20T02:43:41+08:00 ] 159.75.163.228 GET db.xiaohuss.com/
[ begin ] [ ROUTE ] array (
  'type' => 'module',
  'module' => 
  array (
    0 => '',
    1 => NULL,
    2 => NULL,
  ),
)
[ begin ] [ HEADER ] array (
  'connection' => 'keep-alive',
  'accept' => '*/*',
  'accept-encoding' => 'gzip, deflate, br',
  'user-agent' => 'python-requests/2.26.0',
  'host' => 'db.xiaohuss.com',
  'content-length' => '',
  'content-type' => '',
)
[ begin ] [ PARAM ] array (
)
---------------------------------------------------------------
[ 2022-12-20T04:26:24+08:00 ] 106.55.206.98 GET db.xiaohuss.com/
[ begin ] [ ROUTE ] array (
  'type' => 'module',
  'module' => 
  array (
    0 => '',
    1 => NULL,
    2 => NULL,
  ),
)
[ begin ] [ HEADER ] array (
  'accept-language' => 'en-US,en;q=0.9',
  'accept-encoding' => 'gzip, deflate, br',
  'sec-ch-ua-platform' => '"Linux"',
  'sec-ch-ua-mobile' => '?0',
  'sec-ch-ua' => '"Google Chrome";v="93", " Not;A Brand";v="99", "Chromium";v="93"',
  'sec-fetch-dest' => 'document',
  'sec-fetch-user' => '?1',
  'sec-fetch-mode' => 'navigate',
  'sec-fetch-site' => 'none',
  'accept' => 'text/html,application/xhtml+xml,application/xml;q=0.9,image/avif,image/webp,image/apng,*/*;q=0.8,application/signed-exchange;v=b3;q=0.9',
  'user-agent' => 'Mozilla/5.0 (iPhone; CPU iPhone OS 11_0 like Mac OS X) AppleWebKit/604.1.38 (KHTML, like Gecko) Version/11.0 Mobile/15A372 Safari/604.1',
  'upgrade-insecure-requests' => '1',
  'host' => 'db.xiaohuss.com',
  'content-length' => '',
  'content-type' => '',
)
[ begin ] [ PARAM ] array (
)
---------------------------------------------------------------
[ 2022-12-20T05:36:15+08:00 ] 167.94.138.118 GET 110.40.180.178:443/
[ begin ] [ ROUTE ] array (
  'type' => 'module',
  'module' => 
  array (
    0 => '',
    1 => NULL,
    2 => NULL,
  ),
)
[ begin ] [ HEADER ] array (
  'host' => '110.40.180.178:443',
  'content-length' => '',
  'content-type' => '',
)
[ begin ] [ PARAM ] array (
)
---------------------------------------------------------------
[ 2022-12-20T05:36:16+08:00 ] 167.94.138.118 GET 110.40.180.178/
[ begin ] [ ROUTE ] array (
  'type' => 'module',
  'module' => 
  array (
    0 => '',
    1 => NULL,
    2 => NULL,
  ),
)
[ begin ] [ HEADER ] array (
  'accept-encoding' => 'gzip',
  'accept' => '*/*',
  'user-agent' => 'Mozilla/5.0 (compatible; CensysInspect/1.1; +https://about.censys.io/)',
  'host' => '110.40.180.178',
  'content-length' => '',
  'content-type' => '',
)
[ begin ] [ PARAM ] array (
)
---------------------------------------------------------------
[ 2022-12-20T05:59:47+08:00 ] 71.6.232.22 GET 110.40.180.178/
[ begin ] [ ROUTE ] array (
  'type' => 'module',
  'module' => 
  array (
    0 => '',
    1 => NULL,
    2 => NULL,
  ),
)
[ begin ] [ HEADER ] array (
  'accept-encoding' => 'gzip',
  'accept' => '*/*',
  'user-agent' => 'Mozilla/5.0 (Windows NT 10.0; Win64; x64) AppleWebKit/537.36 (KHTML, like Gecko) Chrome/74.0.3729.131 Safari/537.36',
  'host' => '110.40.180.178',
  'content-length' => '',
  'content-type' => '',
)
[ begin ] [ PARAM ] array (
)
---------------------------------------------------------------
[ 2022-12-20T06:30:30+08:00 ] 103.203.59.1 GET 110.40.180.178/
[ begin ] [ ROUTE ] array (
  'type' => 'module',
  'module' => 
  array (
    0 => '',
    1 => NULL,
    2 => NULL,
  ),
)
[ begin ] [ HEADER ] array (
  'connection' => 'close',
  'user-agent' => 'HTTP Banner Detection (https://security.ipip.net)',
  'host' => '110.40.180.178',
  'content-length' => '',
  'content-type' => '',
)
[ begin ] [ PARAM ] array (
)
---------------------------------------------------------------
[ 2022-12-20T08:30:24+08:00 ] 103.20.61.17 GET 110.40.180.178/
[ begin ] [ ROUTE ] array (
  'type' => 'module',
  'module' => 
  array (
    0 => '',
    1 => NULL,
    2 => NULL,
  ),
)
[ begin ] [ HEADER ] array (
  'accept-encoding' => 'gzip',
  'accept' => '*/*',
  'user-agent' => 'Mozilla/5.0 (Windows NT 10.0; Win64; x64) AppleWebKit/537.36 (KHTML, like Gecko) Chrome/102.0.0.0 Safari/537.36',
  'host' => '110.40.180.178',
  'content-length' => '',
  'content-type' => '',
)
[ begin ] [ PARAM ] array (
)
---------------------------------------------------------------
[ 2022-12-20T09:27:38+08:00 ] 183.136.225.32 GET 110.40.180.178:443/
[ begin ] [ ROUTE ] array (
  'type' => 'module',
  'module' => 
  array (
    0 => '',
    1 => NULL,
    2 => NULL,
  ),
)
[ begin ] [ HEADER ] array (
  'connection' => 'keep-alive',
  'accept' => '*/*',
  'user-agent' => 'Mozilla/5.0 (Macintosh; Intel Mac OS X 10.11; rv:47.0) Gecko/20100101 Firefox/47.0',
  'host' => '110.40.180.178:443',
  'content-length' => '',
  'content-type' => '',
)
[ begin ] [ PARAM ] array (
)
---------------------------------------------------------------
[ 2022-12-20T09:27:38+08:00 ] 183.136.225.32 GET 110.40.180.178:443/
[ begin ] [ ROUTE ] array (
  'type' => 'module',
  'module' => 
  array (
    0 => '',
    1 => NULL,
    2 => NULL,
  ),
)
[ begin ] [ HEADER ] array (
  'connection' => 'close',
  'accept-encoding' => 'gzip',
  'accept' => '*/*',
  'user-agent' => 'Mozilla/5.0 (Windows NT 6.1; WOW64) AppleWebKit/537.36 (KHTML, like Gecko) Chrome/63.0.3239.132 Safari/537.36 QIHU 360SE',
  'host' => '110.40.180.178:443',
  'content-length' => '',
  'content-type' => '',
)
[ begin ] [ PARAM ] array (
)
---------------------------------------------------------------
[ 2022-12-20T11:00:32+08:00 ] 161.35.84.133 GET 110.40.180.178/
[ begin ] [ ROUTE ] array (
  'type' => 'module',
  'module' => 
  array (
    0 => '',
    1 => NULL,
    2 => NULL,
  ),
)
[ begin ] [ HEADER ] array (
  'accept-encoding' => 'gzip',
  'accept' => '*/*',
  'user-agent' => 'Mozilla/5.0 (Windows NT 10.0; Win64; x64) AppleWebKit/537.36 (KHTML, like Gecko) Chrome/108.0.0.0 Safari/537.36',
  'host' => '110.40.180.178',
  'content-length' => '',
  'content-type' => '',
)
[ begin ] [ PARAM ] array (
)
---------------------------------------------------------------
[ 2022-12-20T12:16:30+08:00 ] 85.209.135.214 POST 110.40.180.178/
[ begin ] [ ROUTE ] array (
  'type' => 'module',
  'module' => 
  array (
    0 => '',
    1 => NULL,
    2 => NULL,
  ),
)
[ begin ] [ HEADER ] array (
  'content-type' => 'application/x-www-form-urlencoded',
  'content-length' => '20',
  'connection' => 'keep-alive',
  'accept' => '*/*',
  'accept-encoding' => 'gzip, deflate',
  'user-agent' => 'Mozilla/5.0 (Linux; U; Android 4.4.2; en-US; HM NOTE 1W Build/KOT49H) AppleWebKit/534.30 (KHTML, like Gecko) Version/4.0 UCBrowser/11.0.5.850 U3/0.8.0 Mobile Safari/534.30',
  'host' => '110.40.180.178',
)
[ begin ] [ PARAM ] array (
  '0x' => 
  array (
    0 => 'androxgh0st',
  ),
)
---------------------------------------------------------------
[ 2022-12-20T12:53:07+08:00 ] 162.142.125.7 GET 110.40.180.178:443/
[ begin ] [ ROUTE ] array (
  'type' => 'module',
  'module' => 
  array (
    0 => '',
    1 => NULL,
    2 => NULL,
  ),
)
[ begin ] [ HEADER ] array (
  'host' => '110.40.180.178:443',
  'content-length' => '',
  'content-type' => '',
)
[ begin ] [ PARAM ] array (
)
---------------------------------------------------------------
[ 2022-12-20T12:53:08+08:00 ] 162.142.125.7 GET 110.40.180.178/
[ begin ] [ ROUTE ] array (
  'type' => 'module',
  'module' => 
  array (
    0 => '',
    1 => NULL,
    2 => NULL,
  ),
)
[ begin ] [ HEADER ] array (
  'accept-encoding' => 'gzip',
  'accept' => '*/*',
  'user-agent' => 'Mozilla/5.0 (compatible; CensysInspect/1.1; +https://about.censys.io/)',
  'host' => '110.40.180.178',
  'content-length' => '',
  'content-type' => '',
)
[ begin ] [ PARAM ] array (
)
---------------------------------------------------------------
[ 2022-12-20T13:03:10+08:00 ] 192.241.203.31 GET 110.40.180.178/
[ begin ] [ ROUTE ] array (
  'type' => 'module',
  'module' => 
  array (
    0 => '',
    1 => NULL,
    2 => NULL,
  ),
)
[ begin ] [ HEADER ] array (
  'accept-encoding' => 'gzip',
  'accept' => '*/*',
  'user-agent' => 'Mozilla/5.0 zgrab/0.x',
  'host' => '110.40.180.178',
  'content-length' => '',
  'content-type' => '',
)
[ begin ] [ PARAM ] array (
)
---------------------------------------------------------------
[ 2022-12-20T13:33:40+08:00 ] 159.203.3.214 GET 110.40.180.178/
[ begin ] [ ROUTE ] array (
  'type' => 'module',
  'module' => 
  array (
    0 => '',
    1 => NULL,
    2 => NULL,
  ),
)
[ begin ] [ HEADER ] array (
  'accept-encoding' => 'gzip',
  'accept' => '*/*',
  'user-agent' => 'Mozilla/5.0 (Windows NT 10.0; Win64; x64) AppleWebKit/537.36 (KHTML, like Gecko) Chrome/108.0.0.0 Safari/537.36',
  'host' => '110.40.180.178',
  'content-length' => '',
  'content-type' => '',
)
[ begin ] [ PARAM ] array (
)
